0 info it worked if it ends with ok
1 verbose cli [ '/usr/local/bin/node',
1 verbose cli   '/usr/local/bin/npm',
1 verbose cli   'install',
1 verbose cli   'find-broken-links',
1 verbose cli   '-g' ]
2 info using npm@2.14.2
3 info using node@v4.0.0
4 verbose install initial load of /usr/local/lib/package.json
5 verbose readDependencies loading dependencies from /usr/local/lib/package.json
6 silly cache add args [ 'find-broken-links', null ]
7 verbose cache add spec find-broken-links
8 silly cache add parsed spec Result {
8 silly cache add   raw: 'find-broken-links',
8 silly cache add   scope: null,
8 silly cache add   name: 'find-broken-links',
8 silly cache add   rawSpec: '',
8 silly cache add   spec: '*',
8 silly cache add   type: 'range' }
9 silly addNamed find-broken-links@*
10 verbose addNamed "*" is a valid semver range for find-broken-links
11 silly addNameRange { name: 'find-broken-links', range: '*', hasData: false }
12 silly mapToRegistry name find-broken-links
13 silly mapToRegistry using default registry
14 silly mapToRegistry registry https://registry.npmjs.org/
15 silly mapToRegistry uri https://registry.npmjs.org/find-broken-links
16 verbose addNameRange registry:https://registry.npmjs.org/find-broken-links not in flight; fetching
17 verbose request uri https://registry.npmjs.org/find-broken-links
18 verbose request no auth needed
19 info attempt registry request try #1 at 2:27:05 PM
20 verbose request id 07e3c2228a6850ca
21 http request GET https://registry.npmjs.org/find-broken-links
22 http 200 https://registry.npmjs.org/find-broken-links
23 silly get cb [ 200,
23 silly get   { server: 'CouchDB/1.5.0 (Erlang OTP/R16B03)',
23 silly get     etag: '"AS0PI53Y9JJZW6ZWJ8FC3M2P0"',
23 silly get     'content-type': 'application/json',
23 silly get     'cache-control': 'max-age=60',
23 silly get     'content-length': '12157',
23 silly get     'accept-ranges': 'bytes',
23 silly get     date: 'Tue, 15 Sep 2015 18:27:05 GMT',
23 silly get     via: '1.1 varnish',
23 silly get     age: '0',
23 silly get     connection: 'keep-alive',
23 silly get     'x-served-by': 'cache-iad2143-IAD',
23 silly get     'x-cache': 'MISS',
23 silly get     'x-cache-hits': '0',
23 silly get     'x-timer': 'S1442341625.251020,VS0,VE21',
23 silly get     vary: 'Accept' } ]
24 verbose get saving find-broken-links to /Users/johnsiwicki/.npm/registry.npmjs.org/find-broken-links/.cache.json
25 silly addNameRange number 2 { name: 'find-broken-links', range: '*', hasData: true }
26 silly addNameRange versions [ 'find-broken-links',
26 silly addNameRange   [ '0.1.0',
26 silly addNameRange     '0.1.1',
26 silly addNameRange     '0.1.2',
26 silly addNameRange     '0.1.3',
26 silly addNameRange     '0.1.4',
26 silly addNameRange     '0.1.5',
26 silly addNameRange     '0.1.6',
26 silly addNameRange     '0.1.7',
26 silly addNameRange     '0.1.8' ] ]
27 silly addNamed find-broken-links@0.1.8
28 verbose addNamed "0.1.8" is a plain semver version for find-broken-links
29 silly mapToRegistry name find-broken-links
30 silly mapToRegistry using default registry
31 silly mapToRegistry registry https://registry.npmjs.org/
32 silly mapToRegistry uri https://registry.npmjs.org/find-broken-links
33 verbose addRemoteTarball https://registry.npmjs.org/find-broken-links/-/find-broken-links-0.1.8.tgz not in flight; adding
34 verbose addRemoteTarball [ 'https://registry.npmjs.org/find-broken-links/-/find-broken-links-0.1.8.tgz',
34 verbose addRemoteTarball   'bd2888b07bcb6bd4ba613208f23867cf111d9048' ]
35 info retry fetch attempt 1 at 2:27:05 PM
36 info attempt registry request try #1 at 2:27:05 PM
37 http fetch GET https://registry.npmjs.org/find-broken-links/-/find-broken-links-0.1.8.tgz
38 http fetch 200 https://registry.npmjs.org/find-broken-links/-/find-broken-links-0.1.8.tgz
39 silly fetchAndShaCheck shasum bd2888b07bcb6bd4ba613208f23867cf111d9048
40 verbose addTmpTarball /var/folders/fs/lbm8kjpn1k72jn86863dpp2w0000gn/T/npm-15908-46679520/registry.npmjs.org/find-broken-links/-/find-broken-links-0.1.8.tgz not in flight; adding
41 verbose addTmpTarball already have metadata; skipping unpack for find-broken-links@0.1.8
42 silly cache afterAdd find-broken-links@0.1.8
43 verbose afterAdd /Users/johnsiwicki/.npm/find-broken-links/0.1.8/package/package.json not in flight; writing
44 verbose afterAdd /Users/johnsiwicki/.npm/find-broken-links/0.1.8/package/package.json written
45 silly install resolved [ { author:
45 silly install resolved      { name: 'Santosh Kumar',
45 silly install resolved        email: 'santosh79@gmail.com',
45 silly install resolved        url: 'https://github.com/santosh79' },
45 silly install resolved     name: 'find-broken-links',
45 silly install resolved     description: 'A Node.js library that finds broken links given a URL',
45 silly install resolved     version: '0.1.8',
45 silly install resolved     repository:
45 silly install resolved      { type: 'git',
45 silly install resolved        url: 'https://github.com/santosh79/broken-links' },
45 silly install resolved     engines: { node: '0.10.x' },
45 silly install resolved     preferGlobal: 'true',
45 silly install resolved     bin: { 'find-broken-links': './index.js' },
45 silly install resolved     dependencies: { jsdom: '^ 1.5.0', request: '^ 2.51.0', underscore: '^ 1.7.0' },
45 silly install resolved     devDependencies: {},
45 silly install resolved     optionalDependencies: {},
45 silly install resolved     homepage: 'https://github.com/santosh79/traffic_cop',
45 silly install resolved     main: 'index.js',
45 silly install resolved     keywords: [ 'node', 'heroku' ],
45 silly install resolved     license: 'MIT',
45 silly install resolved     gitHead: '734675cd9d2f70dfa799d07996c1c6a969eb9072',
45 silly install resolved     bugs: { url: 'https://github.com/santosh79/broken-links/issues' },
45 silly install resolved     _id: 'find-broken-links@0.1.8',
45 silly install resolved     scripts: {},
45 silly install resolved     _shasum: 'bd2888b07bcb6bd4ba613208f23867cf111d9048',
45 silly install resolved     _from: 'find-broken-links@*',
45 silly install resolved     _npmVersion: '1.4.28',
45 silly install resolved     _npmUser: { name: 'santosh79', email: 'santosh79@gmail.com' },
45 silly install resolved     maintainers: [ [Object] ],
45 silly install resolved     dist:
45 silly install resolved      { shasum: 'bd2888b07bcb6bd4ba613208f23867cf111d9048',
45 silly install resolved        tarball: 'http://registry.npmjs.org/find-broken-links/-/find-broken-links-0.1.8.tgz' },
45 silly install resolved     directories: {},
45 silly install resolved     _resolved: 'https://registry.npmjs.org/find-broken-links/-/find-broken-links-0.1.8.tgz' } ]
46 info install find-broken-links@0.1.8 into /usr/local/lib
47 info installOne find-broken-links@0.1.8
48 verbose installOne of find-broken-links to /usr/local/lib not in flight; installing
49 verbose lock using /Users/johnsiwicki/.npm/_locks/find-broken-links-ef8a71b8280e4ece.lock for /usr/local/lib/node_modules/find-broken-links
50 warn engine find-broken-links@0.1.8: wanted: {"node":"0.10.x"} (current: {"node":"4.0.0","npm":"2.14.2"})
51 silly install write writing find-broken-links 0.1.8 to /usr/local/lib/node_modules/find-broken-links
52 verbose unbuild lib/node_modules/find-broken-links
53 silly gentlyRm /usr/local/lib/node_modules/find-broken-links is being purged from base /usr/local
54 verbose gentlyRm don't care about contents; nuking /usr/local/lib/node_modules/find-broken-links
55 verbose tar unpack /Users/johnsiwicki/.npm/find-broken-links/0.1.8/package.tgz
56 verbose tar unpacking to /usr/local/lib/node_modules/find-broken-links
57 silly gentlyRm /usr/local/lib/node_modules/find-broken-links is being purged
58 verbose gentlyRm don't care about contents; nuking /usr/local/lib/node_modules/find-broken-links
59 silly gunzTarPerm modes [ '755', '644' ]
60 error tar.unpack untar error /Users/johnsiwicki/.npm/find-broken-links/0.1.8/package.tgz
61 verbose unlock done using /Users/johnsiwicki/.npm/_locks/find-broken-links-ef8a71b8280e4ece.lock for /usr/local/lib/node_modules/find-broken-links
62 verbose fstream_path /usr/local/lib/node_modules/find-broken-links
63 verbose fstream_type Directory
64 verbose fstream_class DirWriter
65 verbose stack Error: EACCES: permission denied, mkdir '/usr/local/lib/node_modules/find-broken-links'
65 verbose stack     at Error (native)
66 verbose fstream_stack /usr/local/lib/node_modules/npm/node_modules/fstream/lib/dir-writer.js:35:25
66 verbose fstream_stack /usr/local/lib/node_modules/npm/node_modules/mkdirp/index.js:47:53
66 verbose fstream_stack FSReqWrap.oncomplete (fs.js:82:15)
67 verbose cwd /Users/johnsiwicki/Desktop/Dropbox/Snap App Files/snap-tbs
68 error Darwin 14.5.0
69 error argv "/usr/local/bin/node" "/usr/local/bin/npm" "install" "find-broken-links" "-g"
70 error node v4.0.0
71 error npm  v2.14.2
72 error path /usr/local/lib/node_modules/find-broken-links
73 error code EACCES
74 error errno -13
75 error syscall mkdir
76 error Error: EACCES: permission denied, mkdir '/usr/local/lib/node_modules/find-broken-links'
76 error     at Error (native)
76 error  { [Error: EACCES: permission denied, mkdir '/usr/local/lib/node_modules/find-broken-links']
76 error   errno: -13,
76 error   code: 'EACCES',
76 error   syscall: 'mkdir',
76 error   path: '/usr/local/lib/node_modules/find-broken-links',
76 error   fstream_type: 'Directory',
76 error   fstream_path: '/usr/local/lib/node_modules/find-broken-links',
76 error   fstream_class: 'DirWriter',
76 error   fstream_stack:
76 error    [ '/usr/local/lib/node_modules/npm/node_modules/fstream/lib/dir-writer.js:35:25',
76 error      '/usr/local/lib/node_modules/npm/node_modules/mkdirp/index.js:47:53',
76 error      'FSReqWrap.oncomplete (fs.js:82:15)' ] }
77 error Please try running this command again as root/Administrator.
78 verbose exit [ -13, true ]
79 verbose unbuild lib/node_modules/find-broken-links
80 silly gentlyRm /usr/local/lib/node_modules/find-broken-links is being purged from base /usr/local
81 verbose gentlyRm don't care about contents; nuking /usr/local/lib/node_modules/find-broken-links
